<?xml version="1.0" encoding="UTF-8"?>
<testng-results skipped="0" failed="0" total="1" passed="1">
  <reporter-output>
  </reporter-output>
  <suite name="TIC-Smoke" duration-ms="221733" started-at="2015-10-13T12:01:17Z" finished-at="2015-10-13T12:04:59Z">
    <groups>
    </groups>
    <test name="ScheduleNow" duration-ms="221733" started-at="2015-10-13T12:01:17Z" finished-at="2015-10-13T12:04:59Z">
      <class name="com.talend.tic.scripts.TIC003_ScheduleNow">
        <test-method status="PASS" signature="testScheduleNow(java.lang.String, java.lang.String, java.lang.String)[pri:0, instance:com.talend.tic.scripts.TIC003_ScheduleNow@1e67b872]" name="testScheduleNow" duration-ms="221725" started-at="2015-10-13T12:01:17Z" finished-at="2015-10-13T12:04:59Z">
          <params>
            <param index="0">
              <value>
                <![CDATA[firefox]]>
              </value>
            </param>
            <param index="1">
              <value>
                <![CDATA[local]]>
              </value>
            </param>
            <param index="2">
              <value>
                <![CDATA[Run Once]]>
              </value>
            </param>
          </params>
        </test-method>
      </class>
    </test>
  </suite>
</testng-results>
